Logging to file t:\antonio\desktop\uni\ucm\gloom\exes\media\scenes\easyOgreExporter.log
Found node: s
Found mesh node: s
Info: Number of map channel (UV) found in this mesh : 1
Exporting 1 textures...
Exporting 0 texture from B...
Texture Index: 0
Texture Name: Map #1
Warning: Couldn't locate texture: Map #1.
Diffuse channel texture.
Writing s mesh binary...
Info: Create Ogre submeshs
Info: create submesh : 0
Info: Create mesh bounding box
Info: Create mesh edge list
Info: Create mesh tangents
Info: Write mesh file : t:\antonio\desktop\uni\ucm\gloom\exes\media\scenes\../models\scenario.mesh
Writing materials data...
Copy material textures files
Error while copying texture file C:\Users\Droak\Desktop\prueba escenario 1\9280.jpg
Info: export done.
