02:28:02: Creating resource group General
02:28:02: Creating resource group Internal
02:28:02: Creating resource group Autodetect
02:28:02: Registering ResourceManager for type Mesh
02:28:02: Registering ResourceManager for type Skeleton
02:28:02: Registering ResourceManager for type Material
02:28:02: MeshSerializer writing mesh data to stream ...
02:28:02: File header written.
02:28:02: Writing mesh data...
02:28:02: Writing submesh...
02:28:02: Exporting submesh texture aliases...
02:28:02: Submesh texture aliases exported.
02:28:02: Submesh exported.
02:28:02: Exporting bounds information....
02:28:02: Bounds information exported.
02:28:02: Exporting submesh name table...
02:28:02: Submesh name table exported.
02:28:02: Exporting edge lists...
02:28:02: Edge lists exported
02:28:02: Mesh data exported.
02:28:02: MeshSerializer export successful.
02:28:04: Unregistering ResourceManager for type Material
02:28:04: Unregistering ResourceManager for type Skeleton
02:28:04: Unregistering ResourceManager for type Mesh
